<?xml version="1.0" encoding="UTF-8"?>
<!-- Generated by org.testng.reporters.JUnitReportReporter -->
<testsuite skipped="0" hostname="DESKTOP-JGKFASS" name="com.training.retail.tests.RTTC064" tests="1" failures="0" timestamp="12 Mar 2020 17:56:38 GMT" time="24.927" errors="0">
  <testcase name="addProductToCart" time="24.927" classname="com.training.retail.tests.RTTC064"/>
</testsuite> <!-- com.training.retail.tests.RTTC064 -->
