<?xml version="1.0" encoding="UTF-8"?>
<!-- Generated by org.testng.reporters.JUnitReportReporter -->
<testsuite skipped="0" hostname="DESKTOP-JGKFASS" name="com.training.retail.tests.TestCase6" tests="1" failures="0" timestamp="28 Feb 2020 14:42:05 GMT" time="28.585" errors="0">
  <testcase name="updateAccountInfo" time="28.585" classname="com.training.retail.tests.TestCase6"/>
</testsuite> <!-- com.training.retail.tests.TestCase6 -->
