<?xml version="1.0" encoding="UTF-8"?>
<!-- Generated by org.testng.reporters.JUnitReportReporter -->
<testsuite skipped="0" hostname="DESKTOP-JGKFASS" name="com.training.retail.tests.RTTC033" tests="1" failures="0" timestamp="11 Mar 2020 14:52:51 GMT" time="92.027" errors="0">
  <testcase name="addProductToCart" time="92.027" classname="com.training.retail.tests.RTTC033"/>
</testsuite> <!-- com.training.retail.tests.RTTC033 -->
