<?xml version="1.0" encoding="UTF-8"?>
<!-- Generated by org.testng.reporters.JUnitReportReporter -->
<testsuite skipped="0" hostname="DESKTOP-JGKFASS" name="com.training.sanity.tests.LoginTests" tests="1" failures="0" timestamp="26 Feb 2020 08:44:05 GMT" time="22.053" errors="0">
  <testcase name="validLoginTest" time="22.053" classname="com.training.sanity.tests.LoginTests"/>
</testsuite> <!-- com.training.sanity.tests.LoginTests -->
