<?xml version="1.0" encoding="UTF-8"?>
<!-- Generated by org.testng.reporters.JUnitReportReporter -->
<testsuite skipped="0" hostname="DESKTOP-JGKFASS" name="com.training.retail.tests.TestCase5" tests="1" failures="0" timestamp="28 Feb 2020 14:09:33 GMT" time="30.523" errors="0">
  <testcase name="updateAccountInfo" time="30.523" classname="com.training.retail.tests.TestCase5"/>
</testsuite> <!-- com.training.retail.tests.TestCase5 -->
